# JRE version: OpenJDK Runtime Environment (8.0_152-b01) (build 1.8.0_152-release-1248-b01)
# Java VM: OpenJDK 64-Bit Server VM (25.152-b01 mixed mode windows-amd64 compressed oops)
Heap:
 PSYoungGen      total 453120K, used 359964K [0x00000000e0000000, 0x0000000100000000, 0x0000000100000000)
  eden space 424960K, 79% used [0x00000000e0000000,0x00000000f4bfc458,0x00000000f9f00000)
  from space 28160K, 71% used [0x00000000f9f00000,0x00000000fb28adc0,0x00000000fba80000)
  to   space 30208K, 0% used [0x00000000fe280000,0x00000000fe280000,0x0000000100000000)
 ParOldGen       total 171008K, used 50610K [0x00000000a0000000, 0x00000000aa700000, 0x00000000e0000000)
  object space 171008K, 29% used [0x00000000a0000000,0x00000000a316c820,0x00000000aa700000)
 Metaspace       used 97422K, capacity 101055K, committed 101888K, reserved 1138688K
  class space    used 12151K, capacity 12858K, committed 13056K, reserved 1048576K
GC Heap History (10 events):
Event: 3777.701 GC heap before
{Heap before GC invocations=31 (full 4):
 PSYoungGen      total 362496K, used 348506K [0x00000000e0000000, 0x00000000f7e00000, 0x0000000100000000)
  eden space 344064K, 100% used [0x00000000e0000000,0x00000000f5000000,0x00000000f5000000)
  from space 18432K, 24% used [0x00000000f6c00000,0x00000000f7056b40,0x00000000f7e00000)
  to   space 23552K, 0% used [0x00000000f5000000,0x00000000f5000000,0x00000000f6700000)
 ParOldGen       total 171008K, used 46674K [0x00000000a0000000, 0x00000000aa700000, 0x00000000e0000000)
  object space 171008K, 27% used [0x00000000a0000000,0x00000000a2d94858,0x00000000aa700000)
 Metaspace       used 94592K, capacity 97623K, committed 99328K, reserved 1136640K
  class space    used 11828K, capacity 12462K, committed 12800K, reserved 1048576K
Event: 3777.716 GC heap after
Heap after GC invocations=31 (full 4):
 PSYoungGen      total 367616K, used 4661K [0x00000000e0000000, 0x00000000fad80000, 0x0000000100000000)
  eden space 344064K, 0% used [0x00000000e0000000,0x00000000e0000000,0x00000000f5000000)
  from space 23552K, 19% used [0x00000000f5000000,0x00000000f548d6a0,0x00000000f6700000)
  to   space 23552K, 0% used [0x00000000f9680000,0x00000000f9680000,0x00000000fad80000)
 ParOldGen       total 171008K, used 46674K [0x00000000a0000000, 0x00000000aa700000, 0x00000000e0000000)
  object space 171008K, 27% used [0x00000000a0000000,0x00000000a2d94858,0x00000000aa700000)
 Metaspace       used 94592K, capacity 97623K, committed 99328K, reserved 1136640K
  class space    used 11828K, capacity 12462K, committed 12800K, reserved 1048576K
}
Event: 3779.944 GC heap before
{Heap before GC invocations=32 (full 4):
 PSYoungGen      total 367616K, used 348725K [0x00000000e0000000, 0x00000000fad80000, 0x0000000100000000)
  eden space 344064K, 100% used [0x00000000e0000000,0x00000000f5000000,0x00000000f5000000)
  from space 23552K, 19% used [0x00000000f5000000,0x00000000f548d6a0,0x00000000f6700000)
  to   space 23552K, 0% used [0x00000000f9680000,0x00000000f9680000,0x00000000fad80000)
 ParOldGen       total 171008K, used 46674K [0x00000000a0000000, 0x00000000aa700000, 0x00000000e0000000)
  object space 171008K, 27% used [0x00000000a0000000,0x00000000a2d94858,0x00000000aa700000)
 Metaspace       used 94680K, capacity 97689K, committed 99584K, reserved 1136640K
  class space    used 11834K, capacity 12463K, committed 12800K, reserved 1048576K
Event: 3779.953 GC heap after
Heap after GC invocations=32 (full 4):
 PSYoungGen      total 402944K, used 2937K [0x00000000e0000000, 0x00000000fa680000, 0x0000000100000000)
  eden space 386560K, 0% used [0x00000000e0000000,0x00000000e0000000,0x00000000f7980000)
  from space 16384K, 17% used [0x00000000f9680000,0x00000000f995e630,0x00000000fa680000)
  to   space 23040K, 0% used [0x00000000f7980000,0x00000000f7980000,0x00000000f9000000)
 ParOldGen       total 171008K, used 46674K [0x00000000a0000000, 0x00000000aa700000, 0x00000000e0000000)
  object space 171008K, 27% used [0x00000000a0000000,0x00000000a2d94858,0x00000000aa700000)
 Metaspace       used 94680K, capacity 97689K, committed 99584K, reserved 1136640K
  class space    used 11834K, capacity 12463K, committed 12800K, reserved 1048576K
}
Event: 3782.123 GC heap before
{Heap before GC invocations=33 (full 4):
 PSYoungGen      total 402944K, used 389497K [0x00000000e0000000, 0x00000000fa680000, 0x0000000100000000)
  eden space 386560K, 100% used [0x00000000e0000000,0x00000000f7980000,0x00000000f7980000)
  from space 16384K, 17% used [0x00000000f9680000,0x00000000f995e630,0x00000000fa680000)
  to   space 23040K, 0% used [0x00000000f7980000,0x00000000f7980000,0x00000000f9000000)
 ParOldGen       total 171008K, used 46674K [0x00000000a0000000, 0x00000000aa700000, 0x00000000e0000000)
  object space 171008K, 27% used [0x00000000a0000000,0x00000000a2d94858,0x00000000aa700000)
 Metaspace       used 94964K, capacity 98003K, committed 99968K, reserved 1136640K
  class space    used 11864K, capacity 12502K, committed 12928K, reserved 1048576K
Event: 3782.141 GC heap after
Heap after GC invocations=33 (full 4):
 PSYoungGen      total 409600K, used 2831K [0x00000000e0000000, 0x00000000fd100000, 0x0000000100000000)
  eden space 386560K, 0% used [0x00000000e0000000,0x00000000e0000000,0x00000000f7980000)
  from space 23040K, 12% used [0x00000000f7980000,0x00000000f7c43de8,0x00000000f9000000)
  to   space 23040K, 0% used [0x00000000fba80000,0x00000000fba80000,0x00000000fd100000)
 ParOldGen       total 171008K, used 46674K [0x00000000a0000000, 0x00000000aa700000, 0x00000000e0000000)
  object space 171008K, 27% used [0x00000000a0000000,0x00000000a2d94858,0x00000000aa700000)
 Metaspace       used 94964K, capacity 98003K, committed 99968K, reserved 1136640K
  class space    used 11864K, capacity 12502K, committed 12928K, reserved 1048576K
}
Event: 3785.354 GC heap before
{Heap before GC invocations=34 (full 4):
 PSYoungGen      total 409600K, used 389391K [0x00000000e0000000, 0x00000000fd100000, 0x0000000100000000)
  eden space 386560K, 100% used [0x00000000e0000000,0x00000000f7980000,0x00000000f7980000)
  from space 23040K, 12% used [0x00000000f7980000,0x00000000f7c43de8,0x00000000f9000000)
  to   space 23040K, 0% used [0x00000000fba80000,0x00000000fba80000,0x00000000fd100000)
 ParOldGen       total 171008K, used 46674K [0x00000000a0000000, 0x00000000aa700000, 0x00000000e0000000)
  object space 171008K, 27% used [0x00000000a0000000,0x00000000a2d94858,0x00000000aa700000)
 Metaspace       used 95398K, capacity 98533K, committed 100224K, reserved 1136640K
  class space    used 11903K, capacity 12553K, committed 12928K, reserved 1048576K
Event: 3785.382 GC heap after
Heap after GC invocations=34 (full 4):
 PSYoungGen      total 448000K, used 23023K [0x00000000e0000000, 0x00000000fd780000, 0x0000000100000000)
  eden space 424960K, 0% used [0x00000000e0000000,0x00000000e0000000,0x00000000f9f00000)
  from space 23040K, 99% used [0x00000000fba80000,0x00000000fd0fbc48,0x00000000fd100000)
  to   space 28160K, 0% used [0x00000000f9f00000,0x00000000f9f00000,0x00000000fba80000)
 ParOldGen       total 171008K, used 50506K [0x00000000a0000000, 0x00000000aa700000, 0x00000000e0000000)
  object space 171008K, 29% used [0x00000000a0000000,0x00000000a3152820,0x00000000aa700000)
 Metaspace       used 95398K, capacity 98533K, committed 100224K, reserved 1136640K
  class space    used 11903K, capacity 12553K, committed 12928K, reserved 1048576K
}
Event: 3789.738 GC heap before
{Heap before GC invocations=35 (full 4):
 PSYoungGen      total 448000K, used 447561K [0x00000000e0000000, 0x00000000fd780000, 0x0000000100000000)
  eden space 424960K, 99% used [0x00000000e0000000,0x00000000f9e96ab0,0x00000000f9f00000)
  from space 23040K, 99% used [0x00000000fba80000,0x00000000fd0fbc48,0x00000000fd100000)
  to   space 28160K, 0% used [0x00000000f9f00000,0x00000000f9f00000,0x00000000fba80000)
 ParOldGen       total 171008K, used 50506K [0x00000000a0000000, 0x00000000aa700000, 0x00000000e0000000)
  object space 171008K, 29% used [0x00000000a0000000,0x00000000a3152820,0x00000000aa700000)
 Metaspace       used 95899K, capacity 98999K, committed 100480K, reserved 1136640K
  class space    used 11948K, capacity 12586K, committed 12928K, reserved 1048576K
Event: 3789.767 GC heap after
Heap after GC invocations=35 (full 4):
 PSYoungGen      total 453120K, used 20011K [0x00000000e0000000, 0x0000000100000000, 0x0000000100000000)
  eden space 424960K, 0% used [0x00000000e0000000,0x00000000e0000000,0x00000000f9f00000)
  from space 28160K, 71% used [0x00000000f9f00000,0x00000000fb28adc0,0x00000000fba80000)
  to   space 30208K, 0% used [0x00000000fe280000,0x00000000fe280000,0x0000000100000000)
 ParOldGen       total 171008K, used 50610K [0x00000000a0000000, 0x00000000aa700000, 0x00000000e0000000)
  object space 171008K, 29% used [0x00000000a0000000,0x00000000a316c820,0x00000000aa700000)
 Metaspace       used 95899K, capacity 98999K, committed 100480K, reserved 1136640K
  class space    used 11948K, capacity 12586K, committed 12928K, reserved 1048576K
}

